
[Skip to content](#start-of-content)

## Navigation Menu

Toggle navigation

[Sign in](/login?return_to=https%3A%2F%2Fgithub.com%2Ftheupdateframework%2Ftuf-conformance%2Fpull%2F115)

* Product

  + [GitHub Copilot
    Write better code with AI](https://github.com/features/copilot)
  + [Security
    Find and fix vulnerabilities](https://github.com/features/security)
  + [Actions
    Automate any workflow](https://github.com/features/actions)
  + [Codespaces
    Instant dev environments](https://github.com/features/codespaces)
  + [Issues
    Plan and track work](https://github.com/features/issues)
  + [Code Review
    Manage code changes](https://github.com/features/code-review)
  + [Discussions
    Collaborate outside of code](https://github.com/features/discussions)
  + [Code Search
    Find more, search less](https://github.com/features/code-search)

  Explore
  + [All features](https://github.com/features)
  + [Documentation](https://docs.github.com)
  + [GitHub Skills](https://skills.github.com)
  + [Blog](https://github.blog)
* Solutions

  By company size
  + [Enterprises](https://github.com/enterprise)
  + [Small and medium teams](https://github.com/team)
  + [Startups](https://github.com/enterprise/startups)
  By use case
  + [DevSecOps](/solutions/use-case/devsecops)
  + [DevOps](/solutions/use-case/devops)
  + [CI/CD](/solutions/use-case/ci-cd)
  + [View all use cases](/solutions/use-case)

  By industry
  + [Healthcare](/solutions/industry/healthcare)
  + [Financial services](/solutions/industry/financial-services)
  + [Manufacturing](/solutions/industry/manufacturing)
  + [Government](/solutions/industry/government)
  + [View all industries](/solutions/industry)

  [View all solutions](/solutions)
* Resources

  Topics
  + [AI](/resources/articles/ai)
  + [DevOps](/resources/articles/devops)
  + [Security](/resources/articles/security)
  + [Software Development](/resources/articles/software-development)
  + [View all](/resources/articles)

  Explore
  + [Learning Pathways](https://resources.github.com/learn/pathways)
  + [White papers, Ebooks, Webinars](https://resources.github.com)
  + [Customer Stories](https://github.com/customer-stories)
  + [Partners](https://partner.github.com)
  + [Executive Insights](https://github.com/solutions/executive-insights)
* Open Source

  + [GitHub Sponsors
    Fund open source developers](/sponsors)
  + [The ReadME Project
    GitHub community articles](https://github.com/readme)
  Repositories
  + [Topics](https://github.com/topics)
  + [Trending](https://github.com/trending)
  + [Collections](https://github.com/collections)
* Enterprise

  + [Enterprise platform
    AI-powered developer platform](/enterprise)
  Available add-ons
  + [Advanced Security
    Enterprise-grade security features](https://github.com/enterprise/advanced-security)
  + [GitHub Copilot
    Enterprise-grade AI features](/features/copilot#enterprise)
  + [Premium Support
    Enterprise-grade 24/7 support](/premium-support)
* [Pricing](https://github.com/pricing)

Search or jump to...

# Search code, repositories, users, issues, pull requests...

Search

Clear

[Search syntax tips](https://docs.github.com/search-github/github-code-search/understanding-github-code-search-syntax)

# Provide feedback

We read every piece of feedback, and take your input very seriously.

Include my email address so I can be contacted

  Cancel

 Submit feedback

# Saved searches

## Use saved searches to filter your results more quickly

Name

Query

To see all available qualifiers, see our [documentation](https://docs.github.com/search-github/github-code-search/understanding-github-code-search-syntax).

  Cancel

 Create saved search

[Sign in](/login?return_to=https%3A%2F%2Fgithub.com%2Ftheupdateframework%2Ftuf-conformance%2Fpull%2F115)

[Sign up](/signup?ref_cta=Sign+up&ref_loc=header+logged+out&ref_page=%2F%3Cuser-name%3E%2F%3Crepo-name%3E%2Fvoltron%2Fpull_requests_fragments%2Fpull_request_layout&source=header-repo&source_repo=theupdateframework%2Ftuf-conformance)
Reseting focus

You signed in with another tab or window. Reload to refresh your session.
You signed out in another tab or window. Reload to refresh your session.
You switched accounts on another tab or window. Reload to refresh your session.

Dismiss alert

{{ message }}

[theupdateframework](/theupdateframework)
/
**[tuf-conformance](/theupdateframework/tuf-conformance)**
Public

* [Notifications](/login?return_to=%2Ftheupdateframework%2Ftuf-conformance) You must be signed in to change notification settings
* [Fork
  5](/login?return_to=%2Ftheupdateframework%2Ftuf-conformance)
* [Star
   8](/login?return_to=%2Ftheupdateframework%2Ftuf-conformance)

* [Code](/theupdateframework/tuf-conformance)
* [Issues
  19](/theupdateframework/tuf-conformance/issues)
* [Pull requests
  1](/theupdateframework/tuf-conformance/pulls)
* [Actions](/theupdateframework/tuf-conformance/actions)
* [Security](/theupdateframework/tuf-conformance/security)
* [Insights](/theupdateframework/tuf-conformance/pulse)

Additional navigation options

* [Code](/theupdateframework/tuf-conformance)
* [Issues](/theupdateframework/tuf-conformance/issues)
* [Pull requests](/theupdateframework/tuf-conformance/pulls)
* [Actions](/theupdateframework/tuf-conformance/actions)
* [Security](/theupdateframework/tuf-conformance/security)
* [Insights](/theupdateframework/tuf-conformance/pulse)

New issue

**Have a question about this project?** Sign up for a free GitHub account to open an issue and contact its maintainers and the community.

 [Sign up for GitHub](/signup?return_to=%2Ftheupdateframework%2Ftuf-conformance%2Fissues%2Fnew%2Fchoose)

By clicking ‚ÄúSign up for GitHub‚Äù, you agree to our [terms of service](https://docs.github.com/terms) and
[privacy statement](https://docs.github.com/privacy). We‚Äôll occasionally send you account related emails.

Already on GitHub?
[Sign in](/login?return_to=%2Ftheupdateframework%2Ftuf-conformance%2Fissues%2Fnew%2Fchoose)
to your account

[Jump to bottom](#issue-comment-box)

# Add first graph and target search test #115

 Merged

[jku](/jku)
merged 3 commits into
[theupdateframework:main](/theupdateframework/tuf-conformance/tree/main "theupdateframework/tuf-conformance:main")
from
[AdamKorcz:graphs-test](/AdamKorcz/tuf-conformance/tree/graphs-test "AdamKorcz/tuf-conformance:graphs-test")

Aug 22, 2024

 Merged

# [Add first graph and target search test](#top) #115

[jku](/jku)
merged 3 commits into
[theupdateframework:main](/theupdateframework/tuf-conformance/tree/main "theupdateframework/tuf-conformance:main")
from
[AdamKorcz:graphs-test](/AdamKorcz/tuf-conformance/tree/graphs-test "AdamKorcz/tuf-conformance:graphs-test")

Aug 22, 2024

[Conversation
27](/theupdateframework/tuf-conformance/pull/115)
[Commits
3](/theupdateframework/tuf-conformance/pull/115/commits)
[Checks
3](/theupdateframework/tuf-conformance/pull/115/checks)
[Files changed](/theupdateframework/tuf-conformance/pull/115/files)

## Conversation

This file contains bidirectional Unicode text that may be interpreted or compiled differently than what appears below. To review, open the file in an editor that reveals hidden Unicode characters.
[Learn more about bidirectional Unicode characters](https://github.co/hiddenchars)

  [Show hidden characters](%7B%7B%20revealButtonHref%20%7D%7D)

[![AdamKorcz](https://avatars.githubusercontent.com/u/44787359?s=60&v=4)](/AdamKorcz)

Copy link

Contributor

### @AdamKorcz **[AdamKorcz](/AdamKorcz)** commented [Aug 6, 2024](#issue-2451719515)

Adds the first graph and target search test as mentioned in [#101](https://github.com/theupdateframework/tuf-conformance/issues/101).

This adds the `get_targetinfo` client API for both clients too. This might need more work for tests that actually use the output. The test in this PR does not use the output.

Interestingly, go-tuf fails in an indeterministic manner from this test; Different test cases will fail each time you run the test. I have tried removing all the testcases except for the `"max-number-of-delegations"` one, and this still fails sometimes. [@rdimitrov](https://github.com/rdimitrov) could you check this? You can test it by cloning my branch and running `make test-go-tuf`. I have left some print statements for debugging assistance.

Sorry, something went wrong.

All reactions

 [![@AdamKorcz](https://avatars.githubusercontent.com/u/44787359?s=40&u=c107a31c4b92a3b61bb09db50b3b9d1154371af1&v=4)](/AdamKorcz)
[AdamKorcz](/AdamKorcz)
requested review from
[rdimitrov](/rdimitrov) and
[jku](/jku)
[August 6, 2024 21:25](#event-13784135650)

[![@AdamKorcz](https://avatars.githubusercontent.com/u/44787359?s=80&u=c107a31c4b92a3b61bb09db50b3b9d1154371af1&v=4)](/AdamKorcz)

Copy link

Contributor

Author

### **[AdamKorcz](/AdamKorcz)** commented [Aug 6, 2024](#issuecomment-2272183309)

| I am putting this in draft. I am not getting the same failures locally. Will need to debug this. Please wait with the review. |
| --- |

All reactions

Sorry, something went wrong.

 [![@AdamKorcz](https://avatars.githubusercontent.com/u/44787359?s=40&u=c107a31c4b92a3b61bb09db50b3b9d1154371af1&v=4)](/AdamKorcz)
[AdamKorcz](/AdamKorcz)
marked this pull request as draft
[August 6, 2024 21:28](#event-13784156560)

 [![@AdamKorcz](https://avatars.githubusercontent.com/u/44787359?s=40&u=c107a31c4b92a3b61bb09db50b3b9d1154371af1&v=4)](/AdamKorcz)
[AdamKorcz](/AdamKorcz)
[force-pushed](/theupdateframework/tuf-conformance/compare/4473aec63c654ee37090ae942f1443c683b61181..ebc046da3bdd864e9451c7b93bd779e9dd118c6f)
the
graphs-test

branch
from
[`4473aec`](/theupdateframework/tuf-conformance/commit/4473aec63c654ee37090ae942f1443c683b61181) to
[`ebc046d`](/theupdateframework/tuf-conformance/commit/ebc046da3bdd864e9451c7b93bd779e9dd118c6f)  [Compare](/theupdateframework/tuf-conformance/compare/4473aec63c654ee37090ae942f1443c683b61181..ebc046da3bdd864e9451c7b93bd779e9dd118c6f)
[August 6, 2024 21:30](#event-13784169115)

[![@segiddins](https://avatars.githubusercontent.com/u/1946610?s=80&u=a3b5a8c410b2f492e84364b49ae235caef4ecb4f&v=4)](/segiddins)

Copy link

Contributor

### **[segiddins](/segiddins)** commented [Aug 7, 2024](#issuecomment-2272442703)

| I think it might be cleaner instead to have the `get_targetinfo` entry point write the target info to a provided path, rather than relying on STDOUT having nothing else printed? |
| --- |

All reactions

Sorry, something went wrong.

 [![@AdamKorcz](https://avatars.githubusercontent.com/u/44787359?s=40&u=c107a31c4b92a3b61bb09db50b3b9d1154371af1&v=4)](/AdamKorcz)
[AdamKorcz](/AdamKorcz)
[force-pushed](/theupdateframework/tuf-conformance/compare/7dfbab4c552f74e39062d284c22f1da6e4a16447..51176a0c599d1e78707a228e124955259eb4c641)
the
graphs-test

branch
from
[`7dfbab4`](/theupdateframework/tuf-conformance/commit/7dfbab4c552f74e39062d284c22f1da6e4a16447) to
[`51176a0`](/theupdateframework/tuf-conformance/commit/51176a0c599d1e78707a228e124955259eb4c641)  [Compare](/theupdateframework/tuf-conformance/compare/7dfbab4c552f74e39062d284c22f1da6e4a16447..51176a0c599d1e78707a228e124955259eb4c641)
[August 7, 2024 11:14](#event-13790820326)

[![@AdamKorcz](https://avatars.githubusercontent.com/u/44787359?s=80&u=c107a31c4b92a3b61bb09db50b3b9d1154371af1&v=4)](/AdamKorcz)

Copy link

Contributor

Author

### **[AdamKorcz](/AdamKorcz)** commented [Aug 7, 2024](#issuecomment-2273236954)

| [@jku](https://github.com/jku) I am unable to reproduce the same outcome as the CI for python-tuf locally. Could you check if you can reproduce it? |
| --- |

All reactions

Sorry, something went wrong.

[![@jku](https://avatars.githubusercontent.com/u/31889?s=80&u=af88a3982b6671565a22febe0b18021f2c4a07f8&v=4)](/jku)

Copy link

Member

### **[jku](/jku)** commented [Aug 7, 2024](#issuecomment-2273478534) ‚Ä¢ edited Loading

| I'll have a look at the failures but as a first comment: Let's not expand the CLI if at all possible -- I'm not sure we can assume that all libraries even expose API like this. Can we not use `download` command to achieve similar testable situations? I especially don't want any kind of structured output requirements for the CLI: it is just a pain for client developers |
| --- |

All reactions

Sorry, something went wrong.

[![jku](https://avatars.githubusercontent.com/u/31889?s=60&v=4)](/jku)

**[jku](/jku)**
reviewed
[Aug 7, 2024](#pullrequestreview-2225082048)

 [View reviewed changes](/theupdateframework/tuf-conformance/pull/115/files)

Copy link

Member

### @jku **[jku](/jku)** left a comment ‚Ä¢ edited Loading

There was a problem hiding this comment.

### Choose a reason for hiding this comment

The reason will be displayed to describe this comment to others. [Learn more](https://docs.github.com/articles/managing-disruptive-comments/#hiding-a-comment).

Choose a reason

Spam
Abuse
Off Topic
Outdated
Duplicate
Resolved

Hide comment

The issue at least with python-tuf can be reproduced with `--repository-dump-dir /tmp/dumps`. There's two issues that I can see :

1. The code added to clients/python-tuf assumes `get_targetinfo()` always returns TargetFile: this is untrue (maybe we should enable linting in clients, mypy would have complained about this: [lint: Add the python client to linted files¬†#118](https://github.com/theupdateframework/tuf-conformance/pull/118))
2. The test also fails because the dumping code invoked by `--repository-dump-dir` uses fetch\_metadata() which ends up breaking FetchTracker.

If you use the already existing `metadata_statistics` and `artifact_statistics` instead of FetchTracker this should not be an issue (because those are bumped in `fetch()` that is only called by the http handler, not other code)

Sorry, something went wrong.

All reactions

[tuf\_conformance/repository\_simulator.py](/theupdateframework/tuf-conformance/pull/115/files#diff-14194f3ec16d9cbd8ebf0cc25b2a6a6040e4a56e620203f3373fd6cf426f946a)
Outdated

Show resolved

Hide resolved

[tuf\_conformance/test\_updater\_delegation\_graphs.py](/theupdateframework/tuf-conformance/pull/115/files#diff-65e0093aadd7a48aa7d160ad760bf394200b4c191cc29b43eb913b3b362cacf7)
Outdated

Show resolved

Hide resolved

[tuf\_conformance/test\_updater\_delegation\_graphs.py](/theupdateframework/tuf-conformance/pull/115/files#diff-65e0093aadd7a48aa7d160ad760bf394200b4c191cc29b43eb913b3b362cacf7)
Outdated

Show resolved

Hide resolved

 [![@AdamKorcz](https://avatars.githubusercontent.com/u/44787359?s=40&u=c107a31c4b92a3b61bb09db50b3b9d1154371af1&v=4)](/AdamKorcz)
[AdamKorcz](/AdamKorcz)
[force-pushed](/theupdateframework/tuf-conformance/compare/162296909c98f573e11053ec3120608ad385e687..7630ce612106fe63572c181ff0841223b6a547a9)
the
graphs-test

branch
2 times, most recently
from
[`1622969`](/theupdateframework/tuf-conformance/commit/162296909c98f573e11053ec3120608ad385e687) to
[`7630ce6`](/theupdateframework/tuf-conformance/commit/7630ce612106fe63572c181ff0841223b6a547a9)  [Compare](/theupdateframework/tuf-conformance/compare/162296909c98f573e11053ec3120608ad385e687..7630ce612106fe63572c181ff0841223b6a547a9)
[August 8, 2024 11:39](#event-13805518852)

[![@jku](https://avatars.githubusercontent.com/u/31889?s=80&u=af88a3982b6671565a22febe0b18021f2c4a07f8&v=4)](/jku)

Copy link

Member

### **[jku](/jku)** commented [Aug 8, 2024](#issuecomment-2275625542)

| Is this the flaky failure for go-tuf:  `FAILED tuf_conformance/test_updater_delegation_graphs.py::test_graph_traversal[two-level-delegations] - AssertionError: assert [('B', 1), ('C', 1), ('A', 1)] == [('A', 1), ('B', 1), ('C', 1)]`  very interesting if it is really flaky... It could of course be a bug in our request tracking but I think that is pretty simple and should not lead to ordering issues |
| --- |

All reactions

Sorry, something went wrong.

[![@AdamKorcz](https://avatars.githubusercontent.com/u/44787359?s=80&u=c107a31c4b92a3b61bb09db50b3b9d1154371af1&v=4)](/AdamKorcz)

Copy link

Contributor

Author

### **[AdamKorcz](/AdamKorcz)** commented [Aug 8, 2024](#issuecomment-2275640487) ‚Ä¢ edited Loading

| Is this the flaky failure for go-tuf:  `FAILED tuf_conformance/test_updater_delegation_graphs.py::test_graph_traversal[two-level-delegations] - AssertionError: assert [('B', 1), ('C', 1), ('A', 1)] == [('A', 1), ('B', 1), ('C', 1)]`  very interesting if it is really flaky... It could of course be a bug in our request tracking but I think that is pretty simple and should not lead to ordering issues  In [this run](https://github.com/theupdateframework/tuf-conformance/actions/runs/10301546446/job/28513330957?pr=115) another test - three-level-terminating-ignores-all-but-roles-descendants - fails. I believe this is similar to the flakiness I described in [the initial PR message](https://github.com/theupdateframework/tuf-conformance/pull/115#issue-2451719515). |
| --- |

All reactions

Sorry, something went wrong.

[![@jku](https://avatars.githubusercontent.com/u/31889?s=40&u=af88a3982b6671565a22febe0b18021f2c4a07f8&v=4)](/jku)
[jku](/jku)
mentioned this pull request
[Aug 12, 2024](#ref-issue-2460444101)

[tests for rolename/targetpath encoding
#125](/theupdateframework/tuf-conformance/issues/125)

Open

[![@AdamKorcz](https://avatars.githubusercontent.com/u/44787359?s=40&u=c107a31c4b92a3b61bb09db50b3b9d1154371af1&v=4)](/AdamKorcz)
[AdamKorcz](/AdamKorcz)
mentioned this pull request
[Aug 13, 2024](#ref-pullrequest-2463774656)

[Add target search test
#139](/theupdateframework/tuf-conformance/pull/139)
 Closed

[![@jku](https://avatars.githubusercontent.com/u/31889?s=40&u=af88a3982b6671565a22febe0b18021f2c4a07f8&v=4)](/jku)
[jku](/jku)
mentioned this pull request
[Aug 14, 2024](#ref-pullrequest-2463818830)

[Add target search test
#140](/theupdateframework/tuf-conformance/pull/140)
 Merged

[![jku](https://avatars.githubusercontent.com/u/31889?s=60&v=4)](/jku)

**[jku](/jku)**
reviewed
[Aug 14, 2024](#pullrequestreview-2232181837)

 [View reviewed changes](/theupdateframework/tuf-conformance/pull/115/files)

Copy link

Member

### @jku **[jku](/jku)** left a comment ‚Ä¢ edited Loading

There was a problem hiding this comment.

### Choose a reason for hiding this comment

The reason will be displayed to describe this comment to others. [Learn more](https://docs.github.com/articles/managing-disruptive-comments/#hiding-a-comment).

Choose a reason

Spam
Abuse
Off Topic
Outdated
Duplicate
Resolved

Hide comment

I know you said don't review yet... I'm doing that anyway since this is kind of blocking the continuation like [#140](https://github.com/theupdateframework/tuf-conformance/pull/140).

All comments are minor -- the only issue preventing merging is go-tuf flakiness. I don't have great ideas for dealing with that. We would have to either

* support skipping in the action API like we do expected failures
* or add a hard coded special case in the test until go-tuf is fixed

  ```
    if ("clients/go-tuf/go-tuf" in client._cmd):
       pytest.skip("skip for flakiness")

  ```

maybe the hard coded skip (and filing an issue to remind us to remove it) makes sense so we can move and merge this?

Sorry, something went wrong.

All reactions

[tuf\_conformance/test\_updater\_delegation\_graphs.py](/theupdateframework/tuf-conformance/pull/115/files#diff-65e0093aadd7a48aa7d160ad760bf394200b4c191cc29b43eb913b3b362cacf7)
Outdated

Show resolved

Hide resolved

[tuf\_conformance/test\_updater\_delegation\_graphs.py](/theupdateframework/tuf-conformance/pull/115/files#diff-65e0093aadd7a48aa7d160ad760bf394200b4c191cc29b43eb913b3b362cacf7)
Outdated

Show resolved

Hide resolved

[tuf\_conformance/test\_updater\_delegation\_graphs.py](/theupdateframework/tuf-conformance/pull/115/files#diff-65e0093aadd7a48aa7d160ad760bf394200b4c191cc29b43eb913b3b362cacf7)
Outdated

Show resolved

Hide resolved

[tuf\_conformance/test\_updater\_delegation\_graphs.py](/theupdateframework/tuf-conformance/pull/115/files#diff-65e0093aadd7a48aa7d160ad760bf394200b4c191cc29b43eb913b3b362cacf7)

Show resolved

Hide resolved

[tuf\_conformance/test\_updater\_delegation\_graphs.py](/theupdateframework/tuf-conformance/pull/115/files#diff-65e0093aadd7a48aa7d160ad760bf394200b4c191cc29b43eb913b3b362cacf7)
Outdated

Show resolved

Hide resolved

 [![@AdamKorcz](https://avatars.githubusercontent.com/u/44787359?s=40&u=c107a31c4b92a3b61bb09db50b3b9d1154371af1&v=4)](/AdamKorcz)
[AdamKorcz](/AdamKorcz)
[force-pushed](/theupdateframework/tuf-conformance/compare/76b9e5a271e314a231e41830d487c7f95bca4b54..74f8aa76925786b9d44531817024b2931cb44454)
the
graphs-test

branch
from
[`76b9e5a`](/theupdateframework/tuf-conformance/commit/76b9e5a271e314a231e41830d487c7f95bca4b54) to
[`74f8aa7`](/theupdateframework/tuf-conformance/commit/74f8aa76925786b9d44531817024b2931cb44454)  [Compare](/theupdateframework/tuf-conformance/compare/76b9e5a271e314a231e41830d487c7f95bca4b54..74f8aa76925786b9d44531817024b2931cb44454)
[August 21, 2024 17:57](#event-13964453890)

[![AdamKorcz](https://avatars.githubusercontent.com/u/44787359?s=60&v=4)](/AdamKorcz)

**[AdamKorcz](/AdamKorcz)**
commented
[Aug 21, 2024](#pullrequestreview-2251540439)

 [View reviewed changes](/theupdateframework/tuf-conformance/pull/115/files)

[tuf\_conformance/repository\_simulator.py](/theupdateframework/tuf-conformance/pull/115/files#diff-14194f3ec16d9cbd8ebf0cc25b2a6a6040e4a56e620203f3373fd6cf426f946a)

|  |  | @@ -62,7 +62,7 @@ | |
| --- | --- | --- | --- |
|  |  | SPEC\_VER = ".".join(SPECIFICATION\_VERSION) |
|  |  |  |
|  |  | # Generate some signers once (to avoid all tests generating them) |
|  |  | NUM\_SIGNERS = 8 |
|  |  | NUM\_SIGNERS = 9 |

Copy link

Contributor

Author

### @AdamKorcz **[AdamKorcz](/AdamKorcz)** [Aug 21, 2024](#discussion_r1725500093)

There was a problem hiding this comment.

### Choose a reason for hiding this comment

The reason will be displayed to describe this comment to others. [Learn more](https://docs.github.com/articles/managing-disruptive-comments/#hiding-a-comment).

Choose a reason

Spam
Abuse
Off Topic
Outdated
Duplicate
Resolved

Hide comment

For info: The `cyclic-graph` test fails because there are not enough signers.

Sorry, something went wrong.

 üëç
1
 jku reacted with thumbs up emoji

All reactions

* üëç
  1 reaction

 [![@AdamKorcz](https://avatars.githubusercontent.com/u/44787359?s=40&u=c107a31c4b92a3b61bb09db50b3b9d1154371af1&v=4)](/AdamKorcz)
[AdamKorcz](/AdamKorcz)
[force-pushed](/theupdateframework/tuf-conformance/compare/dacf9f90b3b7d728a5408b8cf063d0deb6377e6c..7d25dcf5829a6fc2b9219bb631a48dee8f74f675)
the
graphs-test

branch
2 times, most recently
from
[`dacf9f9`](/theupdateframework/tuf-conformance/commit/dacf9f90b3b7d728a5408b8cf063d0deb6377e6c) to
[`7d25dcf`](/theupdateframework/tuf-conformance/commit/7d25dcf5829a6fc2b9219bb631a48dee8f74f675)  [Compare](/theupdateframework/tuf-conformance/compare/dacf9f90b3b7d728a5408b8cf063d0deb6377e6c..7d25dcf5829a6fc2b9219bb631a48dee8f74f675)
[August 21, 2024 18:13](#event-13964623557)

[![@AdamKorcz](https://avatars.githubusercontent.com/u/44787359?s=40&v=4)](/AdamKorcz)

`[fix review comments](/theupdateframework/tuf-conformance/pull/115/commits/aa34fde06b73b1cb453bffd3d484a965d9f5e986 "fix review comments

Signed-off-by: Adam Korczynski <adam@adalogics.com>")`
 ‚Ä¶

`[aa34fde](/theupdateframework/tuf-conformance/pull/115/commits/aa34fde06b73b1cb453bffd3d484a965d9f5e986)`

```
Signed-off-by: Adam Korczynski <adam@adalogics.com>
```

 [![@AdamKorcz](https://avatars.githubusercontent.com/u/44787359?s=40&u=c107a31c4b92a3b61bb09db50b3b9d1154371af1&v=4)](/AdamKorcz)
[AdamKorcz](/AdamKorcz)
[force-pushed](/theupdateframework/tuf-conformance/compare/7d25dcf5829a6fc2b9219bb631a48dee8f74f675..aa34fde06b73b1cb453bffd3d484a965d9f5e986)
the
graphs-test

branch
from
[`7d25dcf`](/theupdateframework/tuf-conformance/commit/7d25dcf5829a6fc2b9219bb631a48dee8f74f675) to
[`aa34fde`](/theupdateframework/tuf-conformance/commit/aa34fde06b73b1cb453bffd3d484a965d9f5e986)  [Compare](/theupdateframework/tuf-conformance/compare/7d25dcf5829a6fc2b9219bb631a48dee8f74f675..aa34fde06b73b1cb453bffd3d484a965d9f5e986)
[August 21, 2024 18:16](#event-13964656726)

[![@AdamKorcz](https://avatars.githubusercontent.com/u/44787359?s=40&v=4)](/AdamKorcz)

`[disable test for go-tuf](/theupdateframework/tuf-conformance/pull/115/commits/990c5e933a48faa418df0cfc7f53731540434096 "disable test for go-tuf

Signed-off-by: Adam Korczynski <adam@adalogics.com>")`
 ‚Ä¶

`[990c5e9](/theupdateframework/tuf-conformance/pull/115/commits/990c5e933a48faa418df0cfc7f53731540434096)`

```
Signed-off-by: Adam Korczynski <adam@adalogics.com>
```

 [![@AdamKorcz](https://avatars.githubusercontent.com/u/44787359?s=40&u=c107a31c4b92a3b61bb09db50b3b9d1154371af1&v=4)](/AdamKorcz)
[AdamKorcz](/AdamKorcz)
marked this pull request as ready for review
[August 21, 2024 18:31](#event-13964811120)

[![@AdamKorcz](https://avatars.githubusercontent.com/u/44787359?s=80&u=c107a31c4b92a3b61bb09db50b3b9d1154371af1&v=4)](/AdamKorcz)

Copy link

Contributor

Author

### **[AdamKorcz](/AdamKorcz)** commented [Aug 21, 2024](#issuecomment-2302717276)

| if ("clients/go-tuf/go-tuf" in client.\_cmd): pytest.skip("skip for flakiness")  Added in [990c5e9](https://github.com/theupdateframework/tuf-conformance/commit/990c5e933a48faa418df0cfc7f53731540434096) |
| --- |

All reactions

Sorry, something went wrong.

 [![@AdamKorcz](https://avatars.githubusercontent.com/u/44787359?s=40&u=c107a31c4b92a3b61bb09db50b3b9d1154371af1&v=4)](/AdamKorcz)
[AdamKorcz](/AdamKorcz)
requested a review
from [jku](/jku)
[August 21, 2024 18:53](#event-13965031210)

[![jku](https://avatars.githubusercontent.com/u/31889?s=60&v=4)](/jku)

**[jku](/jku)**
approved these changes
[Aug 22, 2024](#pullrequestreview-2253607591)

 [View reviewed changes](/theupdateframework/tuf-conformance/pull/115/files)

Copy link

Member

### @jku **[jku](/jku)** left a comment ‚Ä¢ edited Loading

There was a problem hiding this comment.

### Choose a reason for hiding this comment

The reason will be displayed to describe this comment to others. [Learn more](https://docs.github.com/articles/managing-disruptive-comments/#hiding-a-comment).

Choose a reason

Spam
Abuse
Off Topic
Outdated
Duplicate
Resolved

Hide comment

Thanks, looks good.

* The 150 lines of setup data is not amazing but I don't see meaningful improvements (and some of it, like artifact support, is for future tests)
* left one comment on return values

Sorry, something went wrong.

All reactions

[tuf\_conformance/test\_updater\_delegation\_graphs.py](/theupdateframework/tuf-conformance/pull/115/files#diff-65e0093aadd7a48aa7d160ad760bf394200b4c191cc29b43eb913b3b362cacf7)
Outdated

Show resolved

Hide resolved

[![@AdamKorcz](https://avatars.githubusercontent.com/u/44787359?s=40&v=4)](/AdamKorcz)

`[add assert to client call](/theupdateframework/tuf-conformance/pull/115/commits/c9b930dfdb1bbddf3973c00985b2fba58dfcf81a "add assert to client call

Signed-off-by: Adam Korczynski <adam@adalogics.com>")`
 ‚Ä¶

`[c9b930d](/theupdateframework/tuf-conformance/pull/115/commits/c9b930dfdb1bbddf3973c00985b2fba58dfcf81a)`

```
Signed-off-by: Adam Korczynski <adam@adalogics.com>
```

 [![@AdamKorcz](https://avatars.githubusercontent.com/u/44787359?s=40&u=c107a31c4b92a3b61bb09db50b3b9d1154371af1&v=4)](/AdamKorcz)
[AdamKorcz](/AdamKorcz)
[force-pushed](/theupdateframework/tuf-conformance/compare/cd7f676525d08c932dc044b3b96258a977bdbad2..c9b930dfdb1bbddf3973c00985b2fba58dfcf81a)
the
graphs-test

branch
from
[`cd7f676`](/theupdateframework/tuf-conformance/commit/cd7f676525d08c932dc044b3b96258a977bdbad2) to
[`c9b930d`](/theupdateframework/tuf-conformance/commit/c9b930dfdb1bbddf3973c00985b2fba58dfcf81a)  [Compare](/theupdateframework/tuf-conformance/compare/cd7f676525d08c932dc044b3b96258a977bdbad2..c9b930dfdb1bbddf3973c00985b2fba58dfcf81a)
[August 22, 2024 09:43](#event-13974345156)

 Hide details
View details

[![@jku](https://avatars.githubusercontent.com/u/31889?s=40&u=af88a3982b6671565a22febe0b18021f2c4a07f8&v=4)](/jku)
[jku](/jku)
merged commit [`f7d4604`](/theupdateframework/tuf-conformance/commit/f7d460452e9c41f1e2ed8baa0f0b52190f282786)
into
theupdateframework:main

[Aug 22, 2024](https://github.com/theupdateframework/tuf-conformance/pull/115#event-13974813052)
3 checks passed

[![@GoVulnBot](https://avatars.githubusercontent.com/u/96493708?s=40&v=4)](/GoVulnBot)
[GoVulnBot](/GoVulnBot)
mentioned this pull request
[Oct 1, 2024](#ref-issue-2559768884)

[x/vulndb: potential Go vuln in github.com/theupdateframework/go-tuf: CVE-2024-47534
golang/vulndb#3166](/golang/vulndb/issues/3166)

Closed

This was referenced Oct 10, 2024

[chore(deps): update dependency chainguard-dev/melange to v0.13.4
uniget-org/tools#7623](/uniget-org/tools/pull/7623)
 Merged

[chore(deps): update dependency stacklok/minder to v0.0.65
uniget-org/tools#7634](/uniget-org/tools/pull/7634)
 Merged

[chore(deps): update dependency aquasecurity/trivy to v0.56.2
uniget-org/tools#7635](/uniget-org/tools/pull/7635)
 Merged

[Vulnerabilities detected
kyverno/kyverno#11382](/kyverno/kyverno/issues/11382)

Open

[Sign up for free](/join?source=comment-repo)
**to join this conversation on GitHub**.
Already have an account?
[Sign in to comment](/login?return_to=https%3A%2F%2Fgithub.com%2Ftheupdateframework%2Ftuf-conformance%2Fpull%2F115)

Reviewers

[![@jku](https://avatars.githubusercontent.com/u/31889?s=40&v=4)](/jku) [jku](/jku)

jku approved these changes

[![@rdimitrov](https://avatars.githubusercontent.com/u/16540482?s=40&v=4)](/rdimitrov) [rdimitrov](/rdimitrov)

 Awaiting requested review from rdimitrov

Assignees

No one assigned

Labels

None yet

Projects

None yet

Milestone

No milestone

Development

Successfully merging this pull request may close these issues.

3 participants

[![@AdamKorcz](https://avatars.githubusercontent.com/u/44787359?s=52&v=4)](/AdamKorcz) [![@segiddins](https://avatars.githubusercontent.com/u/1946610?s=52&v=4)](/segiddins) [![@jku](https://avatars.githubusercontent.com/u/31889?s=52&v=4)](/jku)

Add this suggestion to a batch that can be applied as a single commit.
This suggestion is invalid because no changes were made to the code.
Suggestions cannot be applied while the pull request is closed.
Suggestions cannot be applied while viewing a subset of changes.
Only one suggestion per line can be applied in a batch.
Add this suggestion to a batch that can be applied as a single commit.
Applying suggestions on deleted lines is not supported.
You must change the existing code in this line in order to create a valid suggestion.
Outdated suggestions cannot be applied.
This suggestion has been applied or marked resolved.
Suggestions cannot be applied from pending reviews.
Suggestions cannot be applied on multi-line comments.
Suggestions cannot be applied while the pull request is queued to merge.
Suggestion cannot be applied right now. Please check back later.

## Footer

¬© 2025 GitHub,¬†Inc.

### Footer navigation

* [Terms](https://docs.github.com/site-policy/github-terms/github-terms-of-service)
* [Privacy](https://docs.github.com/site-policy/privacy-policies/github-privacy-statement)
* [Security](https://github.com/security)
* [Status](https://www.githubstatus.com/)
* [Docs](https://docs.github.com/)
* [Contact](https://support.github.com?tags=dotcom-footer)
* Manage cookies
* Do not share my personal information

You can‚Äôt perform that action at this time.

